22:21:49 INFO  : Registering command handlers for SDK TCF services
22:21:50 INFO  : Launching XSCT server: xsct.bat -interactive C:\Users\atsm\Documents\Vivado\uBlaze_ARTY_A7\uBlaze_ARTY_A7.sdk\temp_xsdb_launch_script.tcl
22:21:53 INFO  : XSCT server has started successfully.
22:21:56 INFO  : Successfully done setting XSCT server connection channel  
22:21:56 INFO  : Successfully done setting SDK workspace  
22:21:56 INFO  : Processing command line option -hwspec C:/Users/atsm/Documents/Vivado/uBlaze_ARTY_A7/Hardware_Files/ARTY_A7_wrapper.hdf.
22:25:19 INFO  : Connected to target on host '127.0.0.1' and port '3121'.
22:25:19 INFO  : 'targets -set -filter {jtag_cable_name =~ "Digilent Arty 210319788810A" && level==0} -index 0' command is executed.
22:25:21 INFO  : FPGA configured successfully with bitstream "C:/Users/atsm/Documents/Vivado/uBlaze_ARTY_A7/uBlaze_ARTY_A7.sdk/ARTY_A7_wrapper_hw_platform_0/download.bit"
22:26:28 INFO  : 'targets -set -filter {jtag_cable_name =~ "Digilent Arty 210319788810A" && level==0} -index 0' command is executed.
22:26:28 INFO  : 'fpga -state' command is executed.
22:26:28 INFO  : Connected to target on host '127.0.0.1' and port '3121'.
22:26:28 INFO  : Jtag cable 'Digilent Arty 210319788810A' is selected.
22:26:28 INFO  : 'jtag frequency' command is executed.
22:26:28 INFO  : 'configparams mdm-detect-bscan-mask 2' command is executed.
22:26:28 INFO  : Context for processor 'microblaze_0' is selected.
22:26:28 INFO  : Processor reset is completed for 'microblaze_0'.
22:26:28 INFO  : Context for processor 'microblaze_0' is selected.
22:26:28 INFO  : The application 'C:/Users/atsm/Documents/Vivado/uBlaze_ARTY_A7/uBlaze_ARTY_A7.sdk/ARTY_uBlaze_TEST/Debug/ARTY_uBlaze_TEST.elf' is downloaded to processor 'microblaze_0'.
22:26:28 INFO  : ----------------XSDB Script----------------
connect -url tcp:127.0.0.1:3121
configparams mdm-detect-bscan-mask 2
targets -set -nocase -filter {name =~ "microblaze*#0" && bscan=="USER2"  && jtag_cable_name =~ "Digilent Arty 210319788810A"} -index 0
rst -processor
targets -set -nocase -filter {name =~ "microblaze*#0" && bscan=="USER2"  && jtag_cable_name =~ "Digilent Arty 210319788810A"} -index 0
dow C:/Users/atsm/Documents/Vivado/uBlaze_ARTY_A7/uBlaze_ARTY_A7.sdk/ARTY_uBlaze_TEST/Debug/ARTY_uBlaze_TEST.elf
----------------End of Script----------------

22:26:28 INFO  : Memory regions updated for context PA
22:26:28 INFO  : Memory regions updated for context MicroBlaze Debug Module at USER2
22:26:28 INFO  : Context for processor 'microblaze_0' is selected.
22:26:28 INFO  : 'con' command is executed.
22:26:28 INFO  : ----------------XSDB Script (After Launch)----------------
targets -set -nocase -filter {name =~ "microblaze*#0" && bscan=="USER2"  && jtag_cable_name =~ "Digilent Arty 210319788810A"} -index 0
con
----------------End of Script----------------

22:26:28 INFO  : Launch script is exported to file 'C:\Users\atsm\Documents\Vivado\uBlaze_ARTY_A7\uBlaze_ARTY_A7.sdk\.sdk\launch_scripts\xilinx_c-c++_application_(system_debugger)\system_debugger_using_debug_arty_ublaze_test.elf_on_local.tcl'
22:27:19 INFO  : Disconnected from the channel tcfchan#1.
22:27:20 INFO  : 'targets -set -filter {jtag_cable_name =~ "Digilent Arty 210319788810A" && level==0} -index 0' command is executed.
22:27:20 INFO  : 'fpga -state' command is executed.
22:27:20 INFO  : Connected to target on host '127.0.0.1' and port '3121'.
22:27:20 INFO  : Jtag cable 'Digilent Arty 210319788810A' is selected.
22:27:20 INFO  : 'jtag frequency' command is executed.
22:27:20 INFO  : 'configparams mdm-detect-bscan-mask 2' command is executed.
22:27:20 INFO  : Context for processor 'microblaze_0' is selected.
22:27:20 INFO  : Processor reset is completed for 'microblaze_0'.
22:27:20 INFO  : Context for processor 'microblaze_0' is selected.
22:27:20 INFO  : The application 'C:/Users/atsm/Documents/Vivado/uBlaze_ARTY_A7/uBlaze_ARTY_A7.sdk/ARTY_uBlaze_TEST/Debug/ARTY_uBlaze_TEST.elf' is downloaded to processor 'microblaze_0'.
22:27:20 INFO  : ----------------XSDB Script----------------
connect -url tcp:127.0.0.1:3121
configparams mdm-detect-bscan-mask 2
targets -set -nocase -filter {name =~ "microblaze*#0" && bscan=="USER2"  && jtag_cable_name =~ "Digilent Arty 210319788810A"} -index 0
rst -processor
targets -set -nocase -filter {name =~ "microblaze*#0" && bscan=="USER2"  && jtag_cable_name =~ "Digilent Arty 210319788810A"} -index 0
dow C:/Users/atsm/Documents/Vivado/uBlaze_ARTY_A7/uBlaze_ARTY_A7.sdk/ARTY_uBlaze_TEST/Debug/ARTY_uBlaze_TEST.elf
----------------End of Script----------------

22:27:20 INFO  : Memory regions updated for context PA
22:27:20 INFO  : Memory regions updated for context MicroBlaze Debug Module at USER2
22:27:20 INFO  : Context for processor 'microblaze_0' is selected.
22:27:20 INFO  : 'con' command is executed.
22:27:20 INFO  : ----------------XSDB Script (After Launch)----------------
targets -set -nocase -filter {name =~ "microblaze*#0" && bscan=="USER2"  && jtag_cable_name =~ "Digilent Arty 210319788810A"} -index 0
con
----------------End of Script----------------

22:27:20 INFO  : Launch script is exported to file 'C:\Users\atsm\Documents\Vivado\uBlaze_ARTY_A7\uBlaze_ARTY_A7.sdk\.sdk\launch_scripts\xilinx_c-c++_application_(system_debugger)\system_debugger_using_debug_arty_ublaze_test.elf_on_local.tcl'
22:28:18 INFO  : Disconnected from the channel tcfchan#2.
22:28:19 INFO  : 'targets -set -filter {jtag_cable_name =~ "Digilent Arty 210319788810A" && level==0} -index 0' command is executed.
22:28:19 INFO  : 'fpga -state' command is executed.
22:28:19 INFO  : Connected to target on host '127.0.0.1' and port '3121'.
22:28:19 INFO  : Jtag cable 'Digilent Arty 210319788810A' is selected.
22:28:19 INFO  : 'jtag frequency' command is executed.
22:28:19 INFO  : 'configparams mdm-detect-bscan-mask 2' command is executed.
22:28:19 INFO  : Context for processor 'microblaze_0' is selected.
22:28:19 INFO  : Processor reset is completed for 'microblaze_0'.
22:28:19 INFO  : Context for processor 'microblaze_0' is selected.
22:28:19 INFO  : The application 'C:/Users/atsm/Documents/Vivado/uBlaze_ARTY_A7/uBlaze_ARTY_A7.sdk/ARTY_uBlaze_TEST/Debug/ARTY_uBlaze_TEST.elf' is downloaded to processor 'microblaze_0'.
22:28:19 INFO  : ----------------XSDB Script----------------
connect -url tcp:127.0.0.1:3121
configparams mdm-detect-bscan-mask 2
targets -set -nocase -filter {name =~ "microblaze*#0" && bscan=="USER2"  && jtag_cable_name =~ "Digilent Arty 210319788810A"} -index 0
rst -processor
targets -set -nocase -filter {name =~ "microblaze*#0" && bscan=="USER2"  && jtag_cable_name =~ "Digilent Arty 210319788810A"} -index 0
dow C:/Users/atsm/Documents/Vivado/uBlaze_ARTY_A7/uBlaze_ARTY_A7.sdk/ARTY_uBlaze_TEST/Debug/ARTY_uBlaze_TEST.elf
----------------End of Script----------------

22:28:19 INFO  : Memory regions updated for context PA
22:28:19 INFO  : Memory regions updated for context MicroBlaze Debug Module at USER2
22:28:19 INFO  : Context for processor 'microblaze_0' is selected.
22:28:19 INFO  : 'con' command is executed.
22:28:19 INFO  : ----------------XSDB Script (After Launch)----------------
targets -set -nocase -filter {name =~ "microblaze*#0" && bscan=="USER2"  && jtag_cable_name =~ "Digilent Arty 210319788810A"} -index 0
con
----------------End of Script----------------

22:28:19 INFO  : Launch script is exported to file 'C:\Users\atsm\Documents\Vivado\uBlaze_ARTY_A7\uBlaze_ARTY_A7.sdk\.sdk\launch_scripts\xilinx_c-c++_application_(system_debugger)\system_debugger_using_debug_arty_ublaze_test.elf_on_local.tcl'
22:28:37 INFO  : Disconnected from the channel tcfchan#3.
22:28:38 INFO  : 'targets -set -filter {jtag_cable_name =~ "Digilent Arty 210319788810A" && level==0} -index 0' command is executed.
22:28:38 INFO  : 'fpga -state' command is executed.
22:28:38 INFO  : Connected to target on host '127.0.0.1' and port '3121'.
22:28:38 INFO  : Jtag cable 'Digilent Arty 210319788810A' is selected.
22:28:38 INFO  : 'jtag frequency' command is executed.
22:28:38 INFO  : 'configparams mdm-detect-bscan-mask 2' command is executed.
22:28:38 INFO  : Context for processor 'microblaze_0' is selected.
22:28:38 INFO  : Processor reset is completed for 'microblaze_0'.
22:28:38 INFO  : Context for processor 'microblaze_0' is selected.
22:28:38 INFO  : The application 'C:/Users/atsm/Documents/Vivado/uBlaze_ARTY_A7/uBlaze_ARTY_A7.sdk/ARTY_uBlaze_TEST/Debug/ARTY_uBlaze_TEST.elf' is downloaded to processor 'microblaze_0'.
22:28:38 INFO  : ----------------XSDB Script----------------
connect -url tcp:127.0.0.1:3121
configparams mdm-detect-bscan-mask 2
targets -set -nocase -filter {name =~ "microblaze*#0" && bscan=="USER2"  && jtag_cable_name =~ "Digilent Arty 210319788810A"} -index 0
rst -processor
targets -set -nocase -filter {name =~ "microblaze*#0" && bscan=="USER2"  && jtag_cable_name =~ "Digilent Arty 210319788810A"} -index 0
dow C:/Users/atsm/Documents/Vivado/uBlaze_ARTY_A7/uBlaze_ARTY_A7.sdk/ARTY_uBlaze_TEST/Debug/ARTY_uBlaze_TEST.elf
----------------End of Script----------------

22:28:38 INFO  : Memory regions updated for context PA
22:28:38 INFO  : Memory regions updated for context MicroBlaze Debug Module at USER2
22:28:38 INFO  : Context for processor 'microblaze_0' is selected.
22:28:38 INFO  : 'con' command is executed.
22:28:38 INFO  : ----------------XSDB Script (After Launch)----------------
targets -set -nocase -filter {name =~ "microblaze*#0" && bscan=="USER2"  && jtag_cable_name =~ "Digilent Arty 210319788810A"} -index 0
con
----------------End of Script----------------

22:28:38 INFO  : Launch script is exported to file 'C:\Users\atsm\Documents\Vivado\uBlaze_ARTY_A7\uBlaze_ARTY_A7.sdk\.sdk\launch_scripts\xilinx_c-c++_application_(system_debugger)\system_debugger_using_debug_arty_ublaze_test.elf_on_local.tcl'
22:29:25 INFO  : Disconnected from the channel tcfchan#4.
11:10:20 INFO  : Registering command handlers for SDK TCF services
11:10:22 INFO  : Launching XSCT server: xsct.bat -interactive C:\Users\atsm\Documents\Vivado\uBlaze_ARTY_A7\uBlaze_ARTY_A7.sdk\temp_xsdb_launch_script.tcl
11:10:27 INFO  : XSCT server has started successfully.
11:10:35 INFO  : Successfully done setting XSCT server connection channel  
11:10:35 INFO  : Successfully done setting SDK workspace  
11:10:35 INFO  : Processing command line option -hwspec C:/Users/atsm/Documents/Vivado/uBlaze_ARTY_A7/Hardware_Files/ARTY_A7_wrapper.hdf.
11:10:35 INFO  : Checking for hwspec changes in the project ARTY_A7_wrapper_hw_platform_0.
11:22:32 INFO  : Connected to target on host '127.0.0.1' and port '3121'.
11:22:32 INFO  : 'targets -set -filter {jtag_cable_name =~ "Digilent Arty 210319788810A" && level==0} -index 0' command is executed.
11:22:33 INFO  : FPGA configured successfully with bitstream "C:/Users/atsm/Documents/Vivado/uBlaze_ARTY_A7/uBlaze_ARTY_A7.sdk/ARTY_A7_wrapper_hw_platform_0/download.bit"
11:30:33 INFO  : Connected to target on host '127.0.0.1' and port '3121'.
11:30:33 INFO  : 'targets -set -filter {jtag_cable_name =~ "Digilent Arty 210319788810A" && level==0} -index 0' command is executed.
11:30:34 INFO  : FPGA configured successfully with bitstream "C:/Users/atsm/Documents/Vivado/uBlaze_ARTY_A7/uBlaze_ARTY_A7.sdk/ARTY_A7_wrapper_hw_platform_0/download.bit"
11:31:23 INFO  : 'targets -set -filter {jtag_cable_name =~ "Digilent Arty 210319788810A" && level==0} -index 0' command is executed.
11:31:23 INFO  : 'fpga -state' command is executed.
11:31:23 INFO  : Connected to target on host '127.0.0.1' and port '3121'.
11:31:23 INFO  : Jtag cable 'Digilent Arty 210319788810A' is selected.
11:31:23 INFO  : 'jtag frequency' command is executed.
11:31:23 INFO  : 'configparams mdm-detect-bscan-mask 2' command is executed.
11:31:23 INFO  : Context for processor 'microblaze_0' is selected.
11:31:23 INFO  : Processor reset is completed for 'microblaze_0'.
11:31:23 INFO  : Context for processor 'microblaze_0' is selected.
11:31:23 INFO  : The application 'C:/Users/atsm/Documents/Vivado/uBlaze_ARTY_A7/uBlaze_ARTY_A7.sdk/ARTY_uBlaze_TEST/Debug/ARTY_uBlaze_TEST.elf' is downloaded to processor 'microblaze_0'.
11:31:23 INFO  : ----------------XSDB Script----------------
connect -url tcp:127.0.0.1:3121
configparams mdm-detect-bscan-mask 2
targets -set -nocase -filter {name =~ "microblaze*#0" && bscan=="USER2"  && jtag_cable_name =~ "Digilent Arty 210319788810A"} -index 0
rst -processor
targets -set -nocase -filter {name =~ "microblaze*#0" && bscan=="USER2"  && jtag_cable_name =~ "Digilent Arty 210319788810A"} -index 0
dow C:/Users/atsm/Documents/Vivado/uBlaze_ARTY_A7/uBlaze_ARTY_A7.sdk/ARTY_uBlaze_TEST/Debug/ARTY_uBlaze_TEST.elf
----------------End of Script----------------

11:31:23 INFO  : Memory regions updated for context PA
11:31:23 INFO  : Memory regions updated for context MicroBlaze Debug Module at USER2
11:31:23 INFO  : Context for processor 'microblaze_0' is selected.
11:31:23 INFO  : 'con' command is executed.
11:31:23 INFO  : ----------------XSDB Script (After Launch)----------------
targets -set -nocase -filter {name =~ "microblaze*#0" && bscan=="USER2"  && jtag_cable_name =~ "Digilent Arty 210319788810A"} -index 0
con
----------------End of Script----------------

11:31:23 INFO  : Launch script is exported to file 'C:\Users\atsm\Documents\Vivado\uBlaze_ARTY_A7\uBlaze_ARTY_A7.sdk\.sdk\launch_scripts\xilinx_c-c++_application_(system_debugger)\system_debugger_using_debug_arty_ublaze_test.elf_on_local.tcl'
12:10:07 INFO  : SDK has detected change in the last modified timestamps for source hardware specification file Source:1677738032763,  Project:1677691147925
12:10:07 INFO  : Project ARTY_A7_wrapper_hw_platform_0's source hardware specification located at C:/Users/atsm/Documents/Vivado/uBlaze_ARTY_A7/Hardware_Files/ARTY_A7_wrapper.hdf is now different from the local copy.
		 The local copy will be replaced with the source specification and your workspace will be updated.
12:10:54 INFO  : Project ARTY_A7_wrapper_hw_platform_0's source hardware specification location will not be monitored anymore.
12:13:41 INFO  : Connected to target on host '127.0.0.1' and port '3121'.
12:13:41 INFO  : 'targets -set -filter {jtag_cable_name =~ "Digilent Arty 210319788810A" && level==0} -index 0' command is executed.
12:13:42 INFO  : FPGA configured successfully with bitstream "C:/Users/atsm/Documents/Vivado/uBlaze_ARTY_A7/uBlaze_ARTY_A7.sdk/ARTY_A7_wrapper_hw_platform_0/download.bit"
12:14:09 INFO  : Disconnected from the channel tcfchan#1.
12:14:10 INFO  : 'targets -set -filter {jtag_cable_name =~ "Digilent Arty 210319788810A" && level==0} -index 0' command is executed.
12:14:10 INFO  : 'fpga -state' command is executed.
12:14:10 INFO  : Connected to target on host '127.0.0.1' and port '3121'.
12:14:10 INFO  : Jtag cable 'Digilent Arty 210319788810A' is selected.
12:14:10 INFO  : 'jtag frequency' command is executed.
12:14:10 INFO  : 'configparams mdm-detect-bscan-mask 2' command is executed.
12:14:10 INFO  : Context for processor 'microblaze_0' is selected.
12:14:10 INFO  : Processor reset is completed for 'microblaze_0'.
12:14:10 INFO  : Context for processor 'microblaze_0' is selected.
12:14:10 INFO  : The application 'C:/Users/atsm/Documents/Vivado/uBlaze_ARTY_A7/uBlaze_ARTY_A7.sdk/ARTY_uBlaze_TEST/Debug/ARTY_uBlaze_TEST.elf' is downloaded to processor 'microblaze_0'.
12:14:10 INFO  : ----------------XSDB Script----------------
connect -url tcp:127.0.0.1:3121
configparams mdm-detect-bscan-mask 2
targets -set -nocase -filter {name =~ "microblaze*#0" && bscan=="USER2"  && jtag_cable_name =~ "Digilent Arty 210319788810A"} -index 0
rst -processor
targets -set -nocase -filter {name =~ "microblaze*#0" && bscan=="USER2"  && jtag_cable_name =~ "Digilent Arty 210319788810A"} -index 0
dow C:/Users/atsm/Documents/Vivado/uBlaze_ARTY_A7/uBlaze_ARTY_A7.sdk/ARTY_uBlaze_TEST/Debug/ARTY_uBlaze_TEST.elf
----------------End of Script----------------

12:14:10 INFO  : Memory regions updated for context PA
12:14:10 INFO  : Memory regions updated for context MicroBlaze Debug Module at USER2
12:14:10 INFO  : Context for processor 'microblaze_0' is selected.
12:14:10 INFO  : 'con' command is executed.
12:14:10 INFO  : ----------------XSDB Script (After Launch)----------------
targets -set -nocase -filter {name =~ "microblaze*#0" && bscan=="USER2"  && jtag_cable_name =~ "Digilent Arty 210319788810A"} -index 0
con
----------------End of Script----------------

12:14:10 INFO  : Launch script is exported to file 'C:\Users\atsm\Documents\Vivado\uBlaze_ARTY_A7\uBlaze_ARTY_A7.sdk\.sdk\launch_scripts\xilinx_c-c++_application_(system_debugger)\system_debugger_using_debug_arty_ublaze_test.elf_on_local.tcl'
12:37:42 INFO  : Disconnected from the channel tcfchan#2.
